<?xml version="1.0" encoding="UTF-8"?>
<!-- Generated by org.testng.reporters.JUnitReportReporter -->
<testsuite hostname="Techie" failures="0" tests="1" name="Guru99_Logi_Page.Login_Page" time="2.576" errors="0" timestamp="2024-03-10T10:29:55 IST" skipped="0">
  <testcase classname="Guru99_Logi_Page.Login_Page" name="loginTest" time="2.576"/>
  <system-out/>
</testsuite> <!-- Guru99_Logi_Page.Login_Page -->
